<?xml version="1.0" encoding="UTF-8"?>
<!-- Generated by org.testng.reporters.JUnitReportReporter -->
<testsuite hostname="Vedant" failures="0" tests="4" name="vedant.Testng" time="14.736" errors="1" timestamp="2023-09-06T20:44:34 EDT" skipped="0">
  <testcase classname="vedant.Testng" name="searchkeys" time="5.036">
    <error message="java.lang.ClassCastException: class org.apache.poi.xssf.usermodel.XSSFCell cannot be cast to class com.google.common.collect.Table$Cell (org.apache.poi.xssf.usermodel.XSSFCell and com.google.common.collect.Table$Cell are in unnamed module of loader &#039;app&#039;)" type="java.lang.RuntimeException">
      <![CDATA[java.lang.RuntimeException: java.lang.ClassCastException: class org.apache.poi.xssf.usermodel.XSSFCell cannot be cast to class com.google.common.collect.Table$Cell (org.apache.poi.xssf.usermodel.XSSFCell and com.google.common.collect.Table$Cell are in unnamed module of loader 'app')
at org.testng.internal.invokers.MethodInvocationHelper.invokeMethodNoCheckedException(MethodInvocationHelper.java:57)
at org.testng.internal.invokers.MethodInvocationHelper.invokeDataProvider(MethodInvocationHelper.java:157)
at org.testng.internal.Parameters.handleParameters(Parameters.java:803)
at org.testng.internal.Parameters.handleParameters(Parameters.java:728)
at org.testng.internal.invokers.ParameterHandler.handleParameters(ParameterHandler.java:72)
at org.testng.internal.invokers.ParameterHandler.createParameters(ParameterHandler.java:51)
at org.testng.internal.invokers.TestInvoker$MethodInvocationAgent.invoke(TestInvoker.java:911)
at org.testng.internal.invokers.TestInvoker.invokeTestMethods(TestInvoker.java:200)
at org.testng.internal.invokers.TestMethodWorker.invokeTestMethods(TestMethodWorker.java:148)
at org.testng.internal.invokers.TestMethodWorker.run(TestMethodWorker.java:128)
at java.base/java.util.ArrayList.forEach(ArrayList.java:1511)
at org.testng.TestRunner.privateRun(TestRunner.java:848)
at org.testng.TestRunner.run(TestRunner.java:621)
at org.testng.SuiteRunner.runTest(SuiteRunner.java:443)
at org.testng.SuiteRunner.runSequentially(SuiteRunner.java:437)
at org.testng.SuiteRunner.privateRun(SuiteRunner.java:397)
at org.testng.SuiteRunner.run(SuiteRunner.java:336)
at org.testng.SuiteRunnerWorker.runSuite(SuiteRunnerWorker.java:52)
at org.testng.SuiteRunnerWorker.run(SuiteRunnerWorker.java:95)
at org.testng.TestNG.runSuitesSequentially(TestNG.java:1280)
at org.testng.TestNG.runSuitesLocally(TestNG.java:1200)
at org.testng.TestNG.runSuites(TestNG.java:1114)
at org.testng.TestNG.run(TestNG.java:1082)
at org.testng.remote.AbstractRemoteTestNG.run(AbstractRemoteTestNG.java:115)
at org.testng.remote.RemoteTestNG.initAndRun(RemoteTestNG.java:251)
at org.testng.remote.RemoteTestNG.main(RemoteTestNG.java:77)
Caused by: java.lang.ClassCastException: class org.apache.poi.xssf.usermodel.XSSFCell cannot be cast to class com.google.common.collect.Table$Cell (org.apache.poi.xssf.usermodel.XSSFCell and com.google.common.collect.Table$Cell are in unnamed module of loader 'app')
at vedant.Testng.getTestData(Testng.java:98)
at java.base/jdk.internal.reflect.DirectMethodHandleAccessor.invoke(DirectMethodHandleAccessor.java:104)
at java.base/java.lang.reflect.Method.invoke(Method.java:578)
at org.testng.internal.invokers.MethodInvocationHelper.invokeMethod(MethodInvocationHelper.java:139)
at org.testng.internal.invokers.MethodInvocationHelper.invokeMethod(MethodInvocationHelper.java:84)
at org.testng.internal.invokers.MethodInvocationHelper.invokeMethodNoCheckedException(MethodInvocationHelper.java:53)
... 25 more
]]>
    </error>
  </testcase> <!-- searchkeys -->
  <testcase classname="vedant.Testng" name="gettitle" time="4.746"/>
  <testcase classname="vedant.Testng" name="googlesearchdisplay" time="4.858"/>
  <testcase classname="vedant.Testng" name="gmaildisplay" time="0.096"/>
</testsuite> <!-- vedant.Testng -->
